[05:16:32] [ServerMain/INFO]: Environment: Environment[sessionHost=https://sessionserver.mojang.com, servicesHost=https://api.minecraftservices.com, profilesHost=https://api.mojang.com, name=PROD]
[05:16:33] [ServerMain/INFO]: No existing world data, creating new world
[05:16:34] [ServerMain/INFO]: Loaded 1470 recipes
[05:16:34] [ServerMain/INFO]: Loaded 1584 advancements
[05:16:34] [Server thread/INFO]: Starting minecraft server version 1.21.11
[05:16:34] [Server thread/INFO]: Loading properties
[05:16:34] [Server thread/INFO]: Default game type: SURVIVAL
[05:16:34] [Server thread/INFO]: Generating keypair
[05:16:34] [Server thread/INFO]: Starting Minecraft server on *:25565
[05:16:34] [Server thread/WARN]: **** SERVER IS RUNNING IN OFFLINE/INSECURE MODE!
[05:16:34] [Server thread/WARN]: The server will make no attempt to authenticate usernames. Beware.
[05:16:34] [Server thread/WARN]: While this makes the game possible to play without internet access, it also opens up the ability for hackers to connect with any username they choose.
[05:16:34] [Server thread/WARN]: To change this, set "online-mode" to "true" in the server.properties file.
[05:16:34] [Server thread/INFO]: Preparing level "world"
[05:16:35] [Server thread/INFO]: Selecting global world spawn...
[05:16:40] [Server thread/INFO]: Loading 0 persistent chunks...
[05:16:40] [Server thread/INFO]: Preparing spawn area: 100%
[05:16:40] [Server thread/INFO]: Time elapsed: 5897 ms
[05:16:40] [Server thread/INFO]: Done (6.196s)! For help, type "help"
[05:17:40] [Server thread/INFO]: Server empty for 60 seconds, pausing
